  Algorithms.cpp
  Graphics.cpp
  Loader.cpp
C:\Users\Hau\Documents\GitHub\CSE355\CSE355\Loader.cpp(24,43): warning C4267: 'initializing': conversion from 'size_t' to 'int', possible loss of data
C:\Users\Hau\Documents\GitHub\CSE355\CSE355\Loader.cpp(25,40): warning C4267: 'initializing': conversion from 'size_t' to 'int', possible loss of data
C:\Program Files\Microsoft Visual Studio\2022\Community\VC\Tools\MSVC\14.31.31103\include\xutility(135,72): warning C4244: 'initializing': conversion from '_Ty' to 'float', possible loss of data
          with
          [
              _Ty=double
          ]
C:\Program Files\Microsoft Visual Studio\2022\Community\VC\Tools\MSVC\14.31.31103\include\xutility(134): message : see reference to function template instantiation '_Ty *std::construct_at<_Objty,double,double,void>(_Ty *const ,double &&,double &&) noexcept(<expr>)' being compiled
          with
          [
              _Ty=Vector2f,
              _Objty=Vector2f
          ]
C:\Program Files\Microsoft Visual Studio\2022\Community\VC\Tools\MSVC\14.31.31103\include\vector(602): message : see reference to function template instantiation 'void std::_Default_allocator_traits<_Alloc>::construct<_Ty,double,double>(_Alloc &,_Objty *const ,double &&,double &&)' being compiled
          with
          [
              _Alloc=std::allocator<Vector2f>,
              _Ty=Vector2f,
              _Objty=Vector2f
          ]
C:\Program Files\Microsoft Visual Studio\2022\Community\VC\Tools\MSVC\14.31.31103\include\vector(607): message : see reference to function template instantiation 'void std::_Default_allocator_traits<_Alloc>::construct<_Ty,double,double>(_Alloc &,_Objty *const ,double &&,double &&)' being compiled
          with
          [
              _Alloc=std::allocator<Vector2f>,
              _Ty=Vector2f,
              _Objty=Vector2f
          ]
C:\Program Files\Microsoft Visual Studio\2022\Community\VC\Tools\MSVC\14.31.31103\include\vector(620): message : see reference to function template instantiation '_Ty &std::vector<_Ty,std::allocator<_Ty>>::_Emplace_back_with_unused_capacity<double,double>(double &&,double &&)' being compiled
          with
          [
              _Ty=Vector2f
          ]
C:\Users\Hau\Documents\GitHub\CSE355\CSE355\Loader.cpp(27): message : see reference to function template instantiation '_Ty &std::vector<_Ty,std::allocator<_Ty>>::emplace_back<double,double>(double &&,double &&)' being compiled
          with
          [
              _Ty=Vector2f
          ]
C:\Program Files\Microsoft Visual Studio\2022\Community\VC\Tools\MSVC\14.31.31103\include\xmemory(680,68): warning C4244: 'initializing': conversion from '_Ty' to 'float', possible loss of data
          with
          [
              _Ty=double
          ]
C:\Program Files\Microsoft Visual Studio\2022\Community\VC\Tools\MSVC\14.31.31103\include\xutility(136,69): warning C4244: 'initializing': conversion from '_Ty' to 'float', possible loss of data
          with
          [
              _Ty=double
          ]
C:\Program Files\Microsoft Visual Studio\2022\Community\VC\Tools\MSVC\14.31.31103\include\xmemory(673): message : see reference to function template instantiation '_Ty *std::construct_at<_Objty,double,double,void>(_Ty *const ,double &&,double &&) noexcept' being compiled
          with
          [
              _Ty=Vector2f,
              _Objty=Vector2f
          ]
C:\Program Files\Microsoft Visual Studio\2022\Community\VC\Tools\MSVC\14.31.31103\include\vector(602): message : see reference to function template instantiation 'void std::_Default_allocator_traits<_Alloc>::construct<_Ty,double,double>(_Alloc &,_Objty *const ,double &&,double &&)' being compiled
          with
          [
              _Alloc=std::allocator<Vector2f>,
              _Ty=Vector2f,
              _Objty=Vector2f
          ]
C:\Program Files\Microsoft Visual Studio\2022\Community\VC\Tools\MSVC\14.31.31103\include\vector(607): message : see reference to function template instantiation 'void std::_Default_allocator_traits<_Alloc>::construct<_Ty,double,double>(_Alloc &,_Objty *const ,double &&,double &&)' being compiled
          with
          [
              _Alloc=std::allocator<Vector2f>,
              _Ty=Vector2f,
              _Objty=Vector2f
          ]
  main.cpp
  PCH.cpp
  Window.cpp
Graphics.obj : error LNK2019: unresolved external symbol D2D1CreateDevice referenced in function "public: __cdecl Graphics::Graphics(void)" (??0Graphics@@QEAA@XZ)
Graphics.obj : error LNK2019: unresolved external symbol D2D1CreateDeviceContext referenced in function "long __cdecl D2D1CreateDeviceContext(struct IDXGISurface *,struct D2D1_CREATION_PROPERTIES const &,struct ID2D1DeviceContext * *)" (?D2D1CreateDeviceContext@@YAJPEAUIDXGISurface@@AEBUD2D1_CREATION_PROPERTIES@@PEAPEAUID2D1DeviceContext@@@Z)
    Hint on symbols that are defined and could potentially match:
      "long __cdecl D2D1CreateDeviceContext(struct IDXGISurface *,struct D2D1_CREATION_PROPERTIES const &,struct ID2D1DeviceContext * *)" (?D2D1CreateDeviceContext@@YAJPEAUIDXGISurface@@AEBUD2D1_CREATION_PROPERTIES@@PEAPEAUID2D1DeviceContext@@@Z)
Graphics.obj : error LNK2019: unresolved external symbol D3D11CreateDeviceAndSwapChain referenced in function "public: __cdecl Graphics::Graphics(void)" (??0Graphics@@QEAA@XZ)
Window.obj : error LNK2001: unresolved external symbol "private: static class Window * Window::pInstance" (?pInstance@Window@@0PEAV1@EA)
C:\Users\Hau\Documents\GitHub\CSE355\x64\Debug\CSE355.exe : fatal error LNK1120: 4 unresolved externals
