  Algorithms.cpp
C:\Users\Hau\Documents\GitHub\CompGeoAlgoVisualizer\CompGeoAlgoVisualizer\Source\App.h(39,35): warning C4838: conversion from 'int' to 'float' requires a narrowing conversion
C:\Users\Hau\Documents\GitHub\CompGeoAlgoVisualizer\CompGeoAlgoVisualizer\Source\App.h(39,35): warning C4244: 'initializing': conversion from 'int' to 'float', possible loss of data
C:\Users\Hau\Documents\GitHub\CompGeoAlgoVisualizer\CompGeoAlgoVisualizer\Source\App.h(39,59): warning C4838: conversion from 'int' to 'float' requires a narrowing conversion
C:\Users\Hau\Documents\GitHub\CompGeoAlgoVisualizer\CompGeoAlgoVisualizer\Source\App.h(39,59): warning C4244: 'initializing': conversion from 'int' to 'float', possible loss of data
C:\Users\Hau\Documents\GitHub\CompGeoAlgoVisualizer\CompGeoAlgoVisualizer\Source\App.h(40,35): warning C4838: conversion from 'int' to 'float' requires a narrowing conversion
C:\Users\Hau\Documents\GitHub\CompGeoAlgoVisualizer\CompGeoAlgoVisualizer\Source\App.h(40,35): warning C4244: 'initializing': conversion from 'int' to 'float', possible loss of data
C:\Users\Hau\Documents\GitHub\CompGeoAlgoVisualizer\CompGeoAlgoVisualizer\Source\App.h(40,59): warning C4838: conversion from 'int' to 'float' requires a narrowing conversion
C:\Users\Hau\Documents\GitHub\CompGeoAlgoVisualizer\CompGeoAlgoVisualizer\Source\App.h(40,59): warning C4244: 'initializing': conversion from 'int' to 'float', possible loss of data
C:\Users\Hau\Documents\GitHub\CompGeoAlgoVisualizer\CompGeoAlgoVisualizer\Source\Algorithms.cpp(531,173): warning C4267: 'argument': conversion from 'size_t' to 'int', possible loss of data
C:\Users\Hau\Documents\GitHub\CompGeoAlgoVisualizer\CompGeoAlgoVisualizer\Source\Algorithms.cpp(559,90): warning C4267: 'argument': conversion from 'size_t' to 'int', possible loss of data
C:\Users\Hau\Documents\GitHub\CompGeoAlgoVisualizer\CompGeoAlgoVisualizer\Source\Algorithms.cpp(560,90): warning C4267: 'argument': conversion from 'size_t' to 'int', possible loss of data
  main.cpp
C:\Users\Hau\Documents\GitHub\CompGeoAlgoVisualizer\CompGeoAlgoVisualizer\Source\App.h(39,35): warning C4838: conversion from 'int' to 'float' requires a narrowing conversion
C:\Users\Hau\Documents\GitHub\CompGeoAlgoVisualizer\CompGeoAlgoVisualizer\Source\App.h(39,35): warning C4244: 'initializing': conversion from 'int' to 'float', possible loss of data
C:\Users\Hau\Documents\GitHub\CompGeoAlgoVisualizer\CompGeoAlgoVisualizer\Source\App.h(39,59): warning C4838: conversion from 'int' to 'float' requires a narrowing conversion
C:\Users\Hau\Documents\GitHub\CompGeoAlgoVisualizer\CompGeoAlgoVisualizer\Source\App.h(39,59): warning C4244: 'initializing': conversion from 'int' to 'float', possible loss of data
C:\Users\Hau\Documents\GitHub\CompGeoAlgoVisualizer\CompGeoAlgoVisualizer\Source\App.h(40,35): warning C4838: conversion from 'int' to 'float' requires a narrowing conversion
C:\Users\Hau\Documents\GitHub\CompGeoAlgoVisualizer\CompGeoAlgoVisualizer\Source\App.h(40,35): warning C4244: 'initializing': conversion from 'int' to 'float', possible loss of data
C:\Users\Hau\Documents\GitHub\CompGeoAlgoVisualizer\CompGeoAlgoVisualizer\Source\App.h(40,59): warning C4838: conversion from 'int' to 'float' requires a narrowing conversion
C:\Users\Hau\Documents\GitHub\CompGeoAlgoVisualizer\CompGeoAlgoVisualizer\Source\App.h(40,59): warning C4244: 'initializing': conversion from 'int' to 'float', possible loss of data
  Generating Code...
  CompGeoAlgoVisualizer.vcxproj -> C:\Users\Hau\Documents\GitHub\CompGeoAlgoVisualizer\bin\Debug-windows-x86_64\CompGeoAlgoVisualizer\CompGeoAlgoVisualizer.exe
