  Algorithms.cpp
C:\Users\Hau\Documents\GitHub\CSE355\CSE355\Source\Algorithms.h(266,173): warning C4267: 'argument': conversion from 'size_t' to 'int', possible loss of data
C:\Users\Hau\Documents\GitHub\CSE355\CSE355\Source\Algorithms.h(279,89): warning C4267: 'argument': conversion from 'size_t' to 'int', possible loss of data
C:\Users\Hau\Documents\GitHub\CSE355\CSE355\Source\Algorithms.h(280,89): warning C4267: 'argument': conversion from 'size_t' to 'int', possible loss of data
  App.cpp
C:\Users\Hau\Documents\GitHub\CSE355\CSE355\Source\App.h(23,35): warning C4838: conversion from 'unsigned int' to 'float' requires a narrowing conversion
C:\Users\Hau\Documents\GitHub\CSE355\CSE355\Source\App.h(23,35): warning C4244: 'initializing': conversion from 'unsigned int' to 'float', possible loss of data
C:\Users\Hau\Documents\GitHub\CSE355\CSE355\Source\App.h(23,59): warning C4838: conversion from 'unsigned int' to 'float' requires a narrowing conversion
C:\Users\Hau\Documents\GitHub\CSE355\CSE355\Source\App.h(23,59): warning C4244: 'initializing': conversion from 'unsigned int' to 'float', possible loss of data
C:\Users\Hau\Documents\GitHub\CSE355\CSE355\Source\App.h(24,35): warning C4838: conversion from 'unsigned int' to 'float' requires a narrowing conversion
C:\Users\Hau\Documents\GitHub\CSE355\CSE355\Source\App.h(24,35): warning C4244: 'initializing': conversion from 'unsigned int' to 'float', possible loss of data
C:\Users\Hau\Documents\GitHub\CSE355\CSE355\Source\App.h(24,59): warning C4838: conversion from 'unsigned int' to 'float' requires a narrowing conversion
C:\Users\Hau\Documents\GitHub\CSE355\CSE355\Source\App.h(24,59): warning C4244: 'initializing': conversion from 'unsigned int' to 'float', possible loss of data
C:\Users\Hau\Documents\GitHub\CSE355\CSE355\Source\Algorithms.h(266,173): warning C4267: 'argument': conversion from 'size_t' to 'int', possible loss of data
C:\Users\Hau\Documents\GitHub\CSE355\CSE355\Source\Algorithms.h(279,89): warning C4267: 'argument': conversion from 'size_t' to 'int', possible loss of data
C:\Users\Hau\Documents\GitHub\CSE355\CSE355\Source\Algorithms.h(280,89): warning C4267: 'argument': conversion from 'size_t' to 'int', possible loss of data
C:\Users\Hau\Documents\GitHub\CSE355\CSE355\Source\App.cpp(13,20): warning C4018: '<=': signed/unsigned mismatch
C:\Users\Hau\Documents\GitHub\CSE355\CSE355\Source\App.cpp(17,20): warning C4018: '<=': signed/unsigned mismatch
C:\Users\Hau\Documents\GitHub\CSE355\CSE355\Source\App.cpp(28,30): warning C4838: conversion from 'int' to 'float' requires a narrowing conversion
C:\Users\Hau\Documents\GitHub\CSE355\CSE355\Source\App.cpp(28,30): warning C4244: 'initializing': conversion from 'int' to 'float', possible loss of data
C:\Users\Hau\Documents\GitHub\CSE355\CSE355\Source\App.cpp(28,39): warning C4838: conversion from 'int' to 'float' requires a narrowing conversion
C:\Users\Hau\Documents\GitHub\CSE355\CSE355\Source\App.cpp(28,39): warning C4244: 'initializing': conversion from 'int' to 'float', possible loss of data
  main.cpp
C:\Users\Hau\Documents\GitHub\CSE355\CSE355\Source\Algorithms.h(266,173): warning C4267: 'argument': conversion from 'size_t' to 'int', possible loss of data
C:\Users\Hau\Documents\GitHub\CSE355\CSE355\Source\Algorithms.h(279,89): warning C4267: 'argument': conversion from 'size_t' to 'int', possible loss of data
C:\Users\Hau\Documents\GitHub\CSE355\CSE355\Source\Algorithms.h(280,89): warning C4267: 'argument': conversion from 'size_t' to 'int', possible loss of data
C:\Users\Hau\Documents\GitHub\CSE355\CSE355\Source\App.h(23,35): warning C4838: conversion from 'unsigned int' to 'float' requires a narrowing conversion
C:\Users\Hau\Documents\GitHub\CSE355\CSE355\Source\App.h(23,35): warning C4244: 'initializing': conversion from 'unsigned int' to 'float', possible loss of data
C:\Users\Hau\Documents\GitHub\CSE355\CSE355\Source\App.h(23,59): warning C4838: conversion from 'unsigned int' to 'float' requires a narrowing conversion
C:\Users\Hau\Documents\GitHub\CSE355\CSE355\Source\App.h(23,59): warning C4244: 'initializing': conversion from 'unsigned int' to 'float', possible loss of data
C:\Users\Hau\Documents\GitHub\CSE355\CSE355\Source\App.h(24,35): warning C4838: conversion from 'unsigned int' to 'float' requires a narrowing conversion
C:\Users\Hau\Documents\GitHub\CSE355\CSE355\Source\App.h(24,35): warning C4244: 'initializing': conversion from 'unsigned int' to 'float', possible loss of data
C:\Users\Hau\Documents\GitHub\CSE355\CSE355\Source\App.h(24,59): warning C4838: conversion from 'unsigned int' to 'float' requires a narrowing conversion
C:\Users\Hau\Documents\GitHub\CSE355\CSE355\Source\App.h(24,59): warning C4244: 'initializing': conversion from 'unsigned int' to 'float', possible loss of data
  CSE355.vcxproj -> C:\Users\Hau\Documents\GitHub\CSE355\bin\Debug-windows-x86_64\CSE355\CSE355.exe
