c:\users\home\documents\github\cse355\bin-int\debug-windows-x86_64\cse355\cse355.pch
c:\users\home\documents\github\cse355\bin-int\debug-windows-x86_64\cse355\vc143.pdb
c:\users\home\documents\github\cse355\bin-int\debug-windows-x86_64\cse355\vc143.idb
c:\users\home\documents\github\cse355\bin-int\debug-windows-x86_64\cse355\pch.obj
c:\users\home\documents\github\cse355\bin-int\debug-windows-x86_64\cse355\loader.obj
c:\users\home\documents\github\cse355\bin-int\debug-windows-x86_64\cse355\window.obj
c:\users\home\documents\github\cse355\bin-int\debug-windows-x86_64\cse355\types.obj
c:\users\home\documents\github\cse355\bin-int\debug-windows-x86_64\cse355\graphics.obj
c:\users\home\documents\github\cse355\bin-int\debug-windows-x86_64\cse355\event.obj
c:\users\home\documents\github\cse355\bin-int\debug-windows-x86_64\cse355\textformat.obj
c:\users\home\documents\github\cse355\bin-int\debug-windows-x86_64\cse355\text.obj
c:\users\home\documents\github\cse355\bin-int\debug-windows-x86_64\cse355\rectangle.obj
c:\users\home\documents\github\cse355\bin-int\debug-windows-x86_64\cse355\polygon.obj
c:\users\home\documents\github\cse355\bin-int\debug-windows-x86_64\cse355\point.obj
c:\users\home\documents\github\cse355\bin-int\debug-windows-x86_64\cse355\line.obj
c:\users\home\documents\github\cse355\bin-int\debug-windows-x86_64\cse355\dynamictext.obj
c:\users\home\documents\github\cse355\bin-int\debug-windows-x86_64\cse355\drawable.obj
c:\users\home\documents\github\cse355\bin-int\debug-windows-x86_64\cse355\geometry.obj
c:\users\home\documents\github\cse355\bin-int\debug-windows-x86_64\cse355\brush.obj
c:\users\home\documents\github\cse355\bin-int\debug-windows-x86_64\cse355\bitmap.obj
c:\users\home\documents\github\cse355\bin-int\debug-windows-x86_64\cse355\color.obj
c:\users\home\documents\github\cse355\bin-int\debug-windows-x86_64\cse355\application.obj
c:\users\home\documents\github\cse355\bin-int\debug-windows-x86_64\cse355\app.obj
c:\users\home\documents\github\cse355\bin-int\debug-windows-x86_64\cse355\algorithms.obj
c:\users\home\documents\github\cse355\bin-int\debug-windows-x86_64\cse355\main.obj
c:\users\home\documents\github\cse355\bin-int\debug-windows-x86_64\cse355\itabbedpanel.obj
c:\users\home\documents\github\cse355\bin-int\debug-windows-x86_64\cse355\islider.obj
c:\users\home\documents\github\cse355\bin-int\debug-windows-x86_64\cse355\ipanel.obj
c:\users\home\documents\github\cse355\bin-int\debug-windows-x86_64\cse355\ilabel.obj
c:\users\home\documents\github\cse355\bin-int\debug-windows-x86_64\cse355\iinput.obj
c:\users\home\documents\github\cse355\bin-int\debug-windows-x86_64\cse355\icontainer.obj
c:\users\home\documents\github\cse355\bin-int\debug-windows-x86_64\cse355\icomponent.obj
c:\users\home\documents\github\cse355\bin-int\debug-windows-x86_64\cse355\ibutton.obj
c:\users\home\documents\github\cse355\bin-int\debug-windows-x86_64\cse355\cse355.ilk
c:\users\home\documents\github\cse355\bin\debug-windows-x86_64\cse355\cse355.exe
c:\users\home\documents\github\cse355\bin\debug-windows-x86_64\cse355\cse355.pdb
c:\users\home\documents\github\cse355\bin-int\debug-windows-x86_64\cse355\cse355.tlog\cl.command.1.tlog
c:\users\home\documents\github\cse355\bin-int\debug-windows-x86_64\cse355\cse355.tlog\cl.read.1.tlog
c:\users\home\documents\github\cse355\bin-int\debug-windows-x86_64\cse355\cse355.tlog\cl.write.1.tlog
c:\users\home\documents\github\cse355\bin-int\debug-windows-x86_64\cse355\cse355.tlog\link.command.1.tlog
c:\users\home\documents\github\cse355\bin-int\debug-windows-x86_64\cse355\cse355.tlog\link.read.1.tlog
c:\users\home\documents\github\cse355\bin-int\debug-windows-x86_64\cse355\cse355.tlog\link.write.1.tlog
